Xdebug: [Step Debug] Could not connect to debugging client. Tried: 127.0.0.1:9003 (through xdebug.client_host/xdebug.client_port) :-(
[33199:] Initialize tables (tbl_trials)
[33199:] Initialize tables (tbl_a,tbl_b,tbl_c,tbl_d) with 10 records

Xdebug: [Step Debug] Could not connect to debugging client. Tried: 127.0.0.1:9003 (through xdebug.client_host/xdebug.client_port) :-(
Xdebug: [Step Debug] Could not connect to debugging client. Tried: 127.0.0.1:9003 (through xdebug.client_host/xdebug.client_port) :-(
Xdebug: [Step Debug] Could not connect to debugging client. Tried: 127.0.0.1:9003 (through xdebug.client_host/xdebug.client_port) :-(
[33212:worker:1:abcd] Align for trial #1 circa 2022-09-01 00:45:24
[33217:worker:3:bacd] Align for trial #1 circa 2022-09-01 00:45:24
[33215:worker:2:abcd] Align for trial #1 circa 2022-09-01 00:45:24
[33217:worker:3:bacd] For trial #1, run task "worker:3:bacd" (sequence: tbl_b,tbl_a,tbl_c,tbl_d)
[33215:worker:2:abcd] For trial #1, run task "worker:2:abcd" (sequence: tbl_a,tbl_b,tbl_c,tbl_d)
[33212:worker:1:abcd] For trial #1, run task "worker:1:abcd" (sequence: tbl_a,tbl_b,tbl_c,tbl_d)
[33217:worker:3:bacd] Align for trial #2 circa 2022-09-01 00:45:28
[33215:worker:2:abcd] Align for trial #2 circa 2022-09-01 00:45:28
[33217:worker:3:bacd] For trial #2, run task "worker:3:bacd" (sequence: tbl_b,tbl_a,tbl_c,tbl_d)
[33215:worker:2:abcd] For trial #2, run task "worker:2:abcd" (sequence: tbl_a,tbl_b,tbl_c,tbl_d)
[33212:worker:1:abcd] Align for trial #2 circa 2022-09-01 00:45:28
[33212:worker:1:abcd] For trial #2, run task "worker:1:abcd" (sequence: tbl_a,tbl_b,tbl_c,tbl_d)
[33215:worker:2:abcd] Align for trial #3 circa 2022-09-01 00:45:32
[33217:worker:3:bacd] Align for trial #3 circa 2022-09-01 00:45:32
[33215:worker:2:abcd] For trial #3, run task "worker:2:abcd" (sequence: tbl_a,tbl_b,tbl_c,tbl_d)
[33217:worker:3:bacd] For trial #3, run task "worker:3:bacd" (sequence: tbl_b,tbl_a,tbl_c,tbl_d)
[33212:worker:1:abcd] Align for trial #3 circa 2022-09-01 00:45:32
[33212:worker:1:abcd] For trial #3, run task "worker:1:abcd" (sequence: tbl_a,tbl_b,tbl_c,tbl_d)
[33215:worker:2:abcd] Align for trial #4 circa 2022-09-01 00:45:36
[33217:worker:3:bacd] Align for trial #4 circa 2022-09-01 00:45:36
[33217:worker:3:bacd] For trial #4, run task "worker:3:bacd" (sequence: tbl_b,tbl_a,tbl_c,tbl_d)
[33215:worker:2:abcd] For trial #4, run task "worker:2:abcd" (sequence: tbl_a,tbl_b,tbl_c,tbl_d)
[33212:worker:1:abcd] Align for trial #4 circa 2022-09-01 00:45:36
[33212:worker:1:abcd] For trial #4, run task "worker:1:abcd" (sequence: tbl_a,tbl_b,tbl_c,tbl_d)
[33217:worker:3:bacd] Align for trial #5 circa 2022-09-01 00:45:40
[33215:worker:2:abcd] Align for trial #5 circa 2022-09-01 00:45:40
[33215:worker:2:abcd] For trial #5, run task "worker:2:abcd" (sequence: tbl_a,tbl_b,tbl_c,tbl_d)
[33217:worker:3:bacd] For trial #5, run task "worker:3:bacd" (sequence: tbl_b,tbl_a,tbl_c,tbl_d)
[33212:worker:1:abcd] Align for trial #5 circa 2022-09-01 00:45:40
[33212:worker:1:abcd] For trial #5, run task "worker:1:abcd" (sequence: tbl_a,tbl_b,tbl_c,tbl_d)
[33217:worker:3:bacd] Align for trial #6 circa 2022-09-01 00:45:44
[33215:worker:2:abcd] Align for trial #6 circa 2022-09-01 00:45:44
[33217:worker:3:bacd] For trial #6, run task "worker:3:bacd" (sequence: tbl_b,tbl_a,tbl_c,tbl_d)
[33215:worker:2:abcd] For trial #6, run task "worker:2:abcd" (sequence: tbl_a,tbl_b,tbl_c,tbl_d)
[33212:worker:1:abcd] Align for trial #6 circa 2022-09-01 00:45:44
[33212:worker:1:abcd] For trial #6, run task "worker:1:abcd" (sequence: tbl_a,tbl_b,tbl_c,tbl_d)



