Xdebug: [Step Debug] Could not connect to debugging client. Tried: 127.0.0.1:9003 (through xdebug.client_host/xdebug.client_port) :-(
[33762:] Initialize tables (tbl_trials)
[33762:] Initialize tables (tbl_a,tbl_b,tbl_c,tbl_d) with 10 records

Xdebug: [Step Debug] Could not connect to debugging client. Tried: 127.0.0.1:9003 (through xdebug.client_host/xdebug.client_port) :-(
Xdebug: [Step Debug] Could not connect to debugging client. Tried: 127.0.0.1:9003 (through xdebug.client_host/xdebug.client_port) :-(
Xdebug: [Step Debug] Could not connect to debugging client. Tried: 127.0.0.1:9003 (through xdebug.client_host/xdebug.client_port) :-(
[33779:worker:3:dcba] Align for trial #1 circa 2022-09-01 00:50:28
[33778:worker:2:bacd] Align for trial #1 circa 2022-09-01 00:50:28
[33775:worker:1:abcd] Align for trial #1 circa 2022-09-01 00:50:28
[33779:worker:3:dcba] For trial #1, run task "worker:3:dcba" (sequence: tbl_d,tbl_c,tbl_b,tbl_a)
[33778:worker:2:bacd] For trial #1, run task "worker:2:bacd" (sequence: tbl_b,tbl_a,tbl_c,tbl_d)
[33775:worker:1:abcd] For trial #1, run task "worker:1:abcd" (sequence: tbl_a,tbl_b,tbl_c,tbl_d)
[33775:worker:1:abcd] Align for trial #2 circa 2022-09-01 00:50:32
[33778:worker:2:bacd] Align for trial #2 circa 2022-09-01 00:50:32
[33778:worker:2:bacd] For trial #2, run task "worker:2:bacd" (sequence: tbl_b,tbl_a,tbl_c,tbl_d)
[33775:worker:1:abcd] For trial #2, run task "worker:1:abcd" (sequence: tbl_a,tbl_b,tbl_c,tbl_d)
[33779:worker:3:dcba] Align for trial #2 circa 2022-09-01 00:50:32
[33779:worker:3:dcba] For trial #2, run task "worker:3:dcba" (sequence: tbl_d,tbl_c,tbl_b,tbl_a)
[33778:worker:2:bacd] Align for trial #3 circa 2022-09-01 00:50:36
[33775:worker:1:abcd] Align for trial #3 circa 2022-09-01 00:50:36
[33775:worker:1:abcd] For trial #3, run task "worker:1:abcd" (sequence: tbl_a,tbl_b,tbl_c,tbl_d)
[33778:worker:2:bacd] For trial #3, run task "worker:2:bacd" (sequence: tbl_b,tbl_a,tbl_c,tbl_d)
[33779:worker:3:dcba] Align for trial #3 circa 2022-09-01 00:50:36
[33779:worker:3:dcba] For trial #3, run task "worker:3:dcba" (sequence: tbl_d,tbl_c,tbl_b,tbl_a)
[33775:worker:1:abcd] Align for trial #4 circa 2022-09-01 00:50:40
[33779:worker:3:dcba] Align for trial #4 circa 2022-09-01 00:50:40
[33779:worker:3:dcba] For trial #4, run task "worker:3:dcba" (sequence: tbl_d,tbl_c,tbl_b,tbl_a)
[33775:worker:1:abcd] For trial #4, run task "worker:1:abcd" (sequence: tbl_a,tbl_b,tbl_c,tbl_d)
[33778:worker:2:bacd] Align for trial #4 circa 2022-09-01 00:50:40
[33778:worker:2:bacd] For trial #4, run task "worker:2:bacd" (sequence: tbl_b,tbl_a,tbl_c,tbl_d)
[33779:worker:3:dcba] Align for trial #5 circa 2022-09-01 00:50:44
[33775:worker:1:abcd] Align for trial #5 circa 2022-09-01 00:50:44
[33779:worker:3:dcba] For trial #5, run task "worker:3:dcba" (sequence: tbl_d,tbl_c,tbl_b,tbl_a)
[33775:worker:1:abcd] For trial #5, run task "worker:1:abcd" (sequence: tbl_a,tbl_b,tbl_c,tbl_d)
[33778:worker:2:bacd] Align for trial #5 circa 2022-09-01 00:50:44
[33778:worker:2:bacd] For trial #5, run task "worker:2:bacd" (sequence: tbl_b,tbl_a,tbl_c,tbl_d)
[33779:worker:3:dcba] Align for trial #6 circa 2022-09-01 00:50:48
[33775:worker:1:abcd] Align for trial #6 circa 2022-09-01 00:50:48
[33779:worker:3:dcba] For trial #6, run task "worker:3:dcba" (sequence: tbl_d,tbl_c,tbl_b,tbl_a)
[33775:worker:1:abcd] For trial #6, run task "worker:1:abcd" (sequence: tbl_a,tbl_b,tbl_c,tbl_d)
[33778:worker:2:bacd] Align for trial #6 circa 2022-09-01 00:50:48
[33778:worker:2:bacd] For trial #6, run task "worker:2:bacd" (sequence: tbl_b,tbl_a,tbl_c,tbl_d)



