Xdebug: [Step Debug] Could not connect to debugging client. Tried: 127.0.0.1:9003 (through xdebug.client_host/xdebug.client_port) :-(
[33341:] Initialize tables (tbl_trials)
[33341:] Initialize tables (tbl_a,tbl_b,tbl_c,tbl_d) with 10 records

Xdebug: [Step Debug] Could not connect to debugging client. Tried: 127.0.0.1:9003 (through xdebug.client_host/xdebug.client_port) :-(
Xdebug: [Step Debug] Could not connect to debugging client. Tried: 127.0.0.1:9003 (through xdebug.client_host/xdebug.client_port) :-(
Xdebug: [Step Debug] Could not connect to debugging client. Tried: 127.0.0.1:9003 (through xdebug.client_host/xdebug.client_port) :-(
[33357:worker:2:abcd] Align for trial #1 circa 2022-09-01 00:46:28
[33359:worker:3:abcd] Align for trial #1 circa 2022-09-01 00:46:28
[33354:worker:1:abcd] Align for trial #1 circa 2022-09-01 00:46:28
[33354:worker:1:abcd] For trial #1, run task "worker:1:abcd" (sequence: tbl_a,tbl_b,tbl_c,tbl_d)
[33359:worker:3:abcd] For trial #1, run task "worker:3:abcd" (sequence: tbl_a,tbl_b,tbl_c,tbl_d)
[33357:worker:2:abcd] For trial #1, run task "worker:2:abcd" (sequence: tbl_a,tbl_b,tbl_c,tbl_d)
[33354:worker:1:abcd] Align for trial #2 circa 2022-09-01 00:46:32
[33359:worker:3:abcd] Align for trial #2 circa 2022-09-01 00:46:32
[33359:worker:3:abcd] For trial #2, run task "worker:3:abcd" (sequence: tbl_a,tbl_b,tbl_c,tbl_d)
[33354:worker:1:abcd] For trial #2, run task "worker:1:abcd" (sequence: tbl_a,tbl_b,tbl_c,tbl_d)
[33357:worker:2:abcd] Align for trial #2 circa 2022-09-01 00:46:32
[33357:worker:2:abcd] For trial #2, run task "worker:2:abcd" (sequence: tbl_a,tbl_b,tbl_c,tbl_d)
[33359:worker:3:abcd] Align for trial #3 circa 2022-09-01 00:46:36
[33354:worker:1:abcd] Align for trial #3 circa 2022-09-01 00:46:36
[33359:worker:3:abcd] For trial #3, run task "worker:3:abcd" (sequence: tbl_a,tbl_b,tbl_c,tbl_d)
[33354:worker:1:abcd] For trial #3, run task "worker:1:abcd" (sequence: tbl_a,tbl_b,tbl_c,tbl_d)
[33357:worker:2:abcd] Align for trial #3 circa 2022-09-01 00:46:36
[33357:worker:2:abcd] For trial #3, run task "worker:2:abcd" (sequence: tbl_a,tbl_b,tbl_c,tbl_d)
[33354:worker:1:abcd] Align for trial #4 circa 2022-09-01 00:46:40
[33359:worker:3:abcd] Align for trial #4 circa 2022-09-01 00:46:40
[33354:worker:1:abcd] For trial #4, run task "worker:1:abcd" (sequence: tbl_a,tbl_b,tbl_c,tbl_d)
[33359:worker:3:abcd] For trial #4, run task "worker:3:abcd" (sequence: tbl_a,tbl_b,tbl_c,tbl_d)
[33357:worker:2:abcd] Align for trial #4 circa 2022-09-01 00:46:40
[33357:worker:2:abcd] For trial #4, run task "worker:2:abcd" (sequence: tbl_a,tbl_b,tbl_c,tbl_d)
[33354:worker:1:abcd] Align for trial #5 circa 2022-09-01 00:46:44
[33359:worker:3:abcd] Align for trial #5 circa 2022-09-01 00:46:44
[33359:worker:3:abcd] For trial #5, run task "worker:3:abcd" (sequence: tbl_a,tbl_b,tbl_c,tbl_d)
[33354:worker:1:abcd] For trial #5, run task "worker:1:abcd" (sequence: tbl_a,tbl_b,tbl_c,tbl_d)
[33357:worker:2:abcd] Align for trial #5 circa 2022-09-01 00:46:44
[33357:worker:2:abcd] For trial #5, run task "worker:2:abcd" (sequence: tbl_a,tbl_b,tbl_c,tbl_d)
[33359:worker:3:abcd] Align for trial #6 circa 2022-09-01 00:46:48
[33354:worker:1:abcd] Align for trial #6 circa 2022-09-01 00:46:48
[33354:worker:1:abcd] For trial #6, run task "worker:1:abcd" (sequence: tbl_a,tbl_b,tbl_c,tbl_d)
[33359:worker:3:abcd] For trial #6, run task "worker:3:abcd" (sequence: tbl_a,tbl_b,tbl_c,tbl_d)
[33357:worker:2:abcd] Align for trial #6 circa 2022-09-01 00:46:48
[33357:worker:2:abcd] For trial #6, run task "worker:2:abcd" (sequence: tbl_a,tbl_b,tbl_c,tbl_d)



